Jul 16 18:36:56 gcp-cluster-control-plane systemd[1]: kubelet.service: Scheduled restart job, restart counter is at 44.
Jul 16 18:36:56 gcp-cluster-control-plane systemd[1]: Starting kubelet.service - kubelet: The Kubernetes Node Agent...
Jul 16 18:36:56 gcp-cluster-control-plane systemd[1]: Started kubelet.service - kubelet: The Kubernetes Node Agent.
Jul 16 18:36:56 gcp-cluster-control-plane kubelet[1439]: I0716 18:36:56.404032    1439 server.go:545] "Kubelet version" kubeletVersion="v1.36.1"
Jul 16 18:36:56 gcp-cluster-control-plane kubelet[1439]: I0716 18:36:56.404135    1439 server.go:547] "Golang settings" GOGC="" GOMAXPROCS="" GOTRACEBACK=""
Jul 16 18:36:56 gcp-cluster-control-plane kubelet[1439]: I0716 18:36:56.404165    1439 watchdog_linux.go:94] "Systemd watchdog is not enabled"
Jul 16 18:36:56 gcp-cluster-control-plane kubelet[1439]: I0716 18:36:56.404174    1439 watchdog_linux.go:137] "Systemd watchdog is not enabled or the interval is invalid, so health checking will not be started."
Jul 16 18:36:56 gcp-cluster-control-plane kubelet[1439]: I0716 18:36:56.404870    1439 server.go:985] "Client rotation is on, will bootstrap in background"
Jul 16 18:36:56 gcp-cluster-control-plane kubelet[1439]: I0716 18:36:56.407267    1439 certificate_store.go:147] "Loading cert/key pair from a file" filePath="/var/lib/kubelet/pki/kubelet-client-current.pem"
Jul 16 18:36:56 gcp-cluster-control-plane kubelet[1439]: I0716 18:36:56.410548    1439 dynamic_cafile_content.go:161] "Starting controller" name="client-ca-bundle::/etc/kubernetes/pki/ca.crt"
Jul 16 18:36:56 gcp-cluster-control-plane kubelet[1439]: I0716 18:36:56.415231    1439 server.go:1448] "Using cgroup driver setting received from the CRI runtime" cgroupDriver="systemd"
Jul 16 18:36:56 gcp-cluster-control-plane kubelet[1439]: I0716 18:36:56.421963    1439 server.go:869] "NoSwap is set due to memorySwapBehavior not specified" memorySwapBehavior="" FailSwapOn=false
Jul 16 18:36:56 gcp-cluster-control-plane kubelet[1439]: I0716 18:36:56.422305    1439 container_manager_linux.go:273] "Container manager verified user specified cgroup-root exists" cgroupRoot=["kubelet"]
Jul 16 18:36:56 gcp-cluster-control-plane kubelet[1439]: I0716 18:36:56.422348    1439 container_manager_linux.go:278] "Creating Container Manager object based on Node Config" nodeConfig={"NodeName":"gcp-cluster-control-plane","RuntimeCgroupsName":"/system.slice/containerd.service","SystemCgroupsName":"","KubeletCgroupsName":"","KubeletOOMScoreAdj":-999,"ContainerRuntime":"","CgroupsPerQOS":true,"CgroupRoot":"/kubelet","CgroupDriver":"systemd","KubeletRootDir":"/var/lib/kubelet","ProtectKernelDefaults":false,"KubeReservedCgroupName":"","SystemReservedCgroupName":"","ReservedSystemCPUs":{},"EnforceNodeAllocatable":{"pods":{}},"KubeReserved":null,"SystemReserved":null,"HardEvictionThresholds":[],"QOSReserved":{},"CPUManagerPolicy":"none","CPUManagerPolicyOptions":null,"TopologyManagerScope":"container","CPUManagerReconcilePeriod":10000000000,"MemoryManagerPolicy":"None","MemoryManagerReservedMemory":null,"MemoryReservationPolicy":"None","PodPidsLimit":-1,"EnforceCPULimits":true,"CPUCFSQuotaPeriod":100000000,"TopologyManagerPolicy":"none","TopologyManagerPolicyOptions":null,"CgroupVersion":2}
Jul 16 18:36:56 gcp-cluster-control-plane kubelet[1439]: I0716 18:36:56.422596    1439 topology_manager.go:172] "Creating topology manager with none policy"
Jul 16 18:36:56 gcp-cluster-control-plane kubelet[1439]: I0716 18:36:56.422610    1439 container_manager_linux.go:309] "Creating device plugin manager"
Jul 16 18:36:56 gcp-cluster-control-plane kubelet[1439]: I0716 18:36:56.422653    1439 container_manager_linux.go:318] "Creating Dynamic Resource Allocation (DRA) manager"
Jul 16 18:36:56 gcp-cluster-control-plane kubelet[1439]: I0716 18:36:56.422912    1439 state_mem.go:45] "Initialized" logger="CPUManager state memory"
Jul 16 18:36:56 gcp-cluster-control-plane kubelet[1439]: I0716 18:36:56.423192    1439 kubelet.go:485] "Attempting to sync node with API server"
Jul 16 18:36:56 gcp-cluster-control-plane kubelet[1439]: I0716 18:36:56.423225    1439 kubelet.go:386] "Adding static pod path" path="/etc/kubernetes/manifests"
Jul 16 18:36:56 gcp-cluster-control-plane kubelet[1439]: I0716 18:36:56.423254    1439 kubelet.go:397] "Adding apiserver pod source"
Jul 16 18:36:56 gcp-cluster-control-plane kubelet[1439]: I0716 18:36:56.423462    1439 apiserver.go:41] "Waiting for node sync before watching apiserver pods"
Jul 16 18:36:56 gcp-cluster-control-plane kubelet[1439]: I0716 18:36:56.424634    1439 kuberuntime_manager.go:308] "Container runtime initialized" containerRuntime="containerd" version="v2.3.1" apiVersion="v1"
Jul 16 18:36:56 gcp-cluster-control-plane kubelet[1439]: I0716 18:36:56.427209    1439 kubelet.go:1002] "Not starting ClusterTrustBundle informer because we are in static kubelet mode or the ClusterTrustBundleProjection featuregate is disabled"
Jul 16 18:36:56 gcp-cluster-control-plane kubelet[1439]: I0716 18:36:56.427541    1439 kubelet.go:1029] "Not starting PodCertificateRequest manager because we are in static kubelet mode or the PodCertificateProjection feature gate is disabled"
Jul 16 18:36:56 gcp-cluster-control-plane kubelet[1439]: E0716 18:36:56.427647    1439 plugins.go:577] "Error initializing dynamic plugin prober" err="error initializing watcher: too many open files"
Jul 16 18:36:56 gcp-cluster-control-plane kubelet[1439]: I0716 18:36:56.430590    1439 server.go:1285] "Started kubelet"
Jul 16 18:36:56 gcp-cluster-control-plane kubelet[1439]: I0716 18:36:56.431579    1439 server.go:193] "Starting to listen" address="0.0.0.0" port=10250
Jul 16 18:36:56 gcp-cluster-control-plane kubelet[1439]: I0716 18:36:56.433664    1439 ratelimit.go:56] "Setting rate limiting for endpoint" service="podresources" qps=100 burstTokens=10
Jul 16 18:36:56 gcp-cluster-control-plane kubelet[1439]: I0716 18:36:56.433793    1439 server_v1.go:49] "podresources" method="list" useActivePods=true
Jul 16 18:36:56 gcp-cluster-control-plane kubelet[1439]: I0716 18:36:56.435183    1439 fs_resource_analyzer.go:69] "Starting FS ResourceAnalyzer"
Jul 16 18:36:56 gcp-cluster-control-plane kubelet[1439]: I0716 18:36:56.435233    1439 server.go:354] "Adding debug handlers to kubelet server"
Jul 16 18:36:56 gcp-cluster-control-plane kubelet[1439]: I0716 18:36:56.437080    1439 server.go:264] "Starting to serve the podresources API" endpoint="unix:/var/lib/kubelet/pod-resources/kubelet.sock"
Jul 16 18:36:56 gcp-cluster-control-plane kubelet[1439]: E0716 18:36:56.437158    1439 event.go:368] "Unable to write event (may retry after sleeping)" err="Post \"https://172.18.0.6:6443/api/v1/namespaces/default/events\": dial tcp 172.18.0.6:6443: connect: connection refused" event="&Event{ObjectMeta:{gcp-cluster-control-plane.18c2d904a8ff70c1  default    0 0001-01-01 00:00:00 +0000 UTC <nil> <nil> map[] map[] [] [] []},InvolvedObject:ObjectReference{Kind:Node,Namespace:,Name:gcp-cluster-control-plane,UID:,APIVersion:v1,ResourceVersion:,FieldPath:,},Reason:Starting,Message:Starting kubelet.,Source:EventSource{Component:kubelet,Host:gcp-cluster-control-plane,},FirstTimestamp:2026-07-16 18:36:56.430547137 +0000 UTC m=+0.095502719,LastTimestamp:2026-07-16 18:36:56.430547137 +0000 UTC m=+0.095502719,Count:1,Type:Normal,EventTime:0001-01-01 00:00:00 +0000 UTC,Series:nil,Action:,Related:nil,ReportingController:kubelet,ReportingInstance:gcp-cluster-control-plane,}"
Jul 16 18:36:56 gcp-cluster-control-plane kubelet[1439]: I0716 18:36:56.437573    1439 volume_manager.go:310] "Starting Kubelet Volume Manager"
Jul 16 18:36:56 gcp-cluster-control-plane kubelet[1439]: I0716 18:36:56.437632    1439 dynamic_serving_content.go:135] "Starting controller" name="kubelet-server-cert-files::/var/lib/kubelet/pki/kubelet.crt::/var/lib/kubelet/pki/kubelet.key"
Jul 16 18:36:56 gcp-cluster-control-plane kubelet[1439]: E0716 18:36:56.437717    1439 dynamic_serving_content.go:144] "Failed to watch cert and key file, will retry later" err="error creating fsnotify watcher: too many open files"
Jul 16 18:36:56 gcp-cluster-control-plane kubelet[1439]: I0716 18:36:56.437712    1439 desired_state_of_world_populator.go:146] "Desired state populator starts to run"
Jul 16 18:36:56 gcp-cluster-control-plane kubelet[1439]: I0716 18:36:56.437750    1439 tlsconfig.go:243] "Starting DynamicServingCertificateController"
Jul 16 18:36:56 gcp-cluster-control-plane kubelet[1439]: I0716 18:36:56.437920    1439 reconciler.go:29] "Reconciler: start to sync state"
Jul 16 18:36:56 gcp-cluster-control-plane kubelet[1439]: I0716 18:36:56.439456    1439 factory.go:222] Registration of the systemd container factory successfully
Jul 16 18:36:56 gcp-cluster-control-plane kubelet[1439]: I0716 18:36:56.439562    1439 factory.go:220] Registration of the crio container factory failed: Get "http://%2Fvar%2Frun%2Fcrio%2Fcrio.sock/info": dial unix /var/run/crio/crio.sock: connect: no such file or directory
Jul 16 18:36:56 gcp-cluster-control-plane kubelet[1439]: E0716 18:36:56.440683    1439 kubelet_node_status.go:396] "Error getting the current node from lister" err="node \"gcp-cluster-control-plane\" not found"
Jul 16 18:36:56 gcp-cluster-control-plane kubelet[1439]: E0716 18:36:56.440828    1439 controller.go:201] "Failed to ensure lease exists, will retry" err="Get \"https://172.18.0.6:6443/apis/coordination.k8s.io/v1/namespaces/kube-node-lease/leases/gcp-cluster-control-plane?timeout=10s\": dial tcp 172.18.0.6:6443: connect: connection refused" interval="200ms"
Jul 16 18:36:56 gcp-cluster-control-plane kubelet[1439]: E0716 18:36:56.441136    1439 kubelet.go:3516] "Unable to register mirror pod because node is not registered yet" err="node \"gcp-cluster-control-plane\" not found" node="gcp-cluster-control-plane"
Jul 16 18:36:56 gcp-cluster-control-plane kubelet[1439]: I0716 18:36:56.442102    1439 factory.go:222] Registration of the containerd container factory successfully
Jul 16 18:36:56 gcp-cluster-control-plane kubelet[1439]: E0716 18:36:56.442151    1439 manager.go:326] Registration of the raw container factory failed: inotify_init: too many open files
Jul 16 18:36:56 gcp-cluster-control-plane kubelet[1439]: E0716 18:36:56.442172    1439 kubelet.go:1804] "Failed to start cAdvisor" err="inotify_init: too many open files"
Jul 16 18:36:56 gcp-cluster-control-plane systemd[1]: kubelet.service: Main process exited, code=exited, status=1/FAILURE
Jul 16 18:36:56 gcp-cluster-control-plane systemd[1]: kubelet.service: Failed with result 'exit-code'.
Jul 16 18:36:57 gcp-cluster-control-plane systemd[1]: kubelet.service: Scheduled restart job, restart counter is at 45.
Jul 16 18:36:57 gcp-cluster-control-plane systemd[1]: Starting kubelet.service - kubelet: The Kubernetes Node Agent...
Jul 16 18:36:57 gcp-cluster-control-plane systemd[1]: Started kubelet.service - kubelet: The Kubernetes Node Agent.
Jul 16 18:36:57 gcp-cluster-control-plane kubelet[1464]: I0716 18:36:57.678796    1464 server.go:545] "Kubelet version" kubeletVersion="v1.36.1"
Jul 16 18:36:57 gcp-cluster-control-plane kubelet[1464]: I0716 18:36:57.678910    1464 server.go:547] "Golang settings" GOGC="" GOMAXPROCS="" GOTRACEBACK=""
Jul 16 18:36:57 gcp-cluster-control-plane kubelet[1464]: I0716 18:36:57.678941    1464 watchdog_linux.go:94] "Systemd watchdog is not enabled"
Jul 16 18:36:57 gcp-cluster-control-plane kubelet[1464]: I0716 18:36:57.678950    1464 watchdog_linux.go:137] "Systemd watchdog is not enabled or the interval is invalid, so health checking will not be started."
Jul 16 18:36:57 gcp-cluster-control-plane kubelet[1464]: I0716 18:36:57.679554    1464 server.go:985] "Client rotation is on, will bootstrap in background"
Jul 16 18:36:57 gcp-cluster-control-plane kubelet[1464]: I0716 18:36:57.681740    1464 certificate_store.go:147] "Loading cert/key pair from a file" filePath="/var/lib/kubelet/pki/kubelet-client-current.pem"
Jul 16 18:36:57 gcp-cluster-control-plane kubelet[1464]: I0716 18:36:57.686678    1464 dynamic_cafile_content.go:161] "Starting controller" name="client-ca-bundle::/etc/kubernetes/pki/ca.crt"
Jul 16 18:36:57 gcp-cluster-control-plane kubelet[1464]: I0716 18:36:57.692745    1464 server.go:1448] "Using cgroup driver setting received from the CRI runtime" cgroupDriver="systemd"
Jul 16 18:36:57 gcp-cluster-control-plane kubelet[1464]: I0716 18:36:57.698658    1464 server.go:869] "NoSwap is set due to memorySwapBehavior not specified" memorySwapBehavior="" FailSwapOn=false
Jul 16 18:36:57 gcp-cluster-control-plane kubelet[1464]: I0716 18:36:57.699062    1464 container_manager_linux.go:273] "Container manager verified user specified cgroup-root exists" cgroupRoot=["kubelet"]
Jul 16 18:36:57 gcp-cluster-control-plane kubelet[1464]: I0716 18:36:57.699113    1464 container_manager_linux.go:278] "Creating Container Manager object based on Node Config" nodeConfig={"NodeName":"gcp-cluster-control-plane","RuntimeCgroupsName":"/system.slice/containerd.service","SystemCgroupsName":"","KubeletCgroupsName":"","KubeletOOMScoreAdj":-999,"ContainerRuntime":"","CgroupsPerQOS":true,"CgroupRoot":"/kubelet","CgroupDriver":"systemd","KubeletRootDir":"/var/lib/kubelet","ProtectKernelDefaults":false,"KubeReservedCgroupName":"","SystemReservedCgroupName":"","ReservedSystemCPUs":{},"EnforceNodeAllocatable":{"pods":{}},"KubeReserved":null,"SystemReserved":null,"HardEvictionThresholds":[],"QOSReserved":{},"CPUManagerPolicy":"none","CPUManagerPolicyOptions":null,"TopologyManagerScope":"container","CPUManagerReconcilePeriod":10000000000,"MemoryManagerPolicy":"None","MemoryManagerReservedMemory":null,"MemoryReservationPolicy":"None","PodPidsLimit":-1,"EnforceCPULimits":true,"CPUCFSQuotaPeriod":100000000,"TopologyManagerPolicy":"none","TopologyManagerPolicyOptions":null,"CgroupVersion":2}
Jul 16 18:36:57 gcp-cluster-control-plane kubelet[1464]: I0716 18:36:57.699312    1464 topology_manager.go:172] "Creating topology manager with none policy"
Jul 16 18:36:57 gcp-cluster-control-plane kubelet[1464]: I0716 18:36:57.699324    1464 container_manager_linux.go:309] "Creating device plugin manager"
Jul 16 18:36:57 gcp-cluster-control-plane kubelet[1464]: I0716 18:36:57.699360    1464 container_manager_linux.go:318] "Creating Dynamic Resource Allocation (DRA) manager"
Jul 16 18:36:57 gcp-cluster-control-plane kubelet[1464]: I0716 18:36:57.699583    1464 state_mem.go:45] "Initialized" logger="CPUManager state memory"
Jul 16 18:36:57 gcp-cluster-control-plane kubelet[1464]: I0716 18:36:57.699825    1464 kubelet.go:485] "Attempting to sync node with API server"
Jul 16 18:36:57 gcp-cluster-control-plane kubelet[1464]: I0716 18:36:57.699858    1464 kubelet.go:386] "Adding static pod path" path="/etc/kubernetes/manifests"
Jul 16 18:36:57 gcp-cluster-control-plane kubelet[1464]: I0716 18:36:57.699890    1464 kubelet.go:397] "Adding apiserver pod source"
Jul 16 18:36:57 gcp-cluster-control-plane kubelet[1464]: I0716 18:36:57.699905    1464 apiserver.go:41] "Waiting for node sync before watching apiserver pods"
Jul 16 18:36:57 gcp-cluster-control-plane kubelet[1464]: I0716 18:36:57.701103    1464 kuberuntime_manager.go:308] "Container runtime initialized" containerRuntime="containerd" version="v2.3.1" apiVersion="v1"
Jul 16 18:36:57 gcp-cluster-control-plane kubelet[1464]: I0716 18:36:57.702939    1464 kubelet.go:1002] "Not starting ClusterTrustBundle informer because we are in static kubelet mode or the ClusterTrustBundleProjection featuregate is disabled"
Jul 16 18:36:57 gcp-cluster-control-plane kubelet[1464]: I0716 18:36:57.703194    1464 kubelet.go:1029] "Not starting PodCertificateRequest manager because we are in static kubelet mode or the PodCertificateProjection feature gate is disabled"
Jul 16 18:36:57 gcp-cluster-control-plane kubelet[1464]: E0716 18:36:57.703305    1464 plugins.go:577] "Error initializing dynamic plugin prober" err="error initializing watcher: too many open files"
Jul 16 18:36:57 gcp-cluster-control-plane kubelet[1464]: I0716 18:36:57.705130    1464 server.go:1285] "Started kubelet"
Jul 16 18:36:57 gcp-cluster-control-plane kubelet[1464]: E0716 18:36:57.705808    1464 event.go:368] "Unable to write event (may retry after sleeping)" err="Post \"https://172.18.0.6:6443/api/v1/namespaces/default/events\": dial tcp 172.18.0.6:6443: connect: connection refused" event="&Event{ObjectMeta:{gcp-cluster-control-plane.18c2d904f4f78a55  default    0 0001-01-01 00:00:00 +0000 UTC <nil> <nil> map[] map[] [] [] []},InvolvedObject:ObjectReference{Kind:Node,Namespace:,Name:gcp-cluster-control-plane,UID:,APIVersion:v1,ResourceVersion:,FieldPath:,},Reason:Starting,Message:Starting kubelet.,Source:EventSource{Component:kubelet,Host:gcp-cluster-control-plane,},FirstTimestamp:2026-07-16 18:36:57.705097813 +0000 UTC m=+0.114192156,LastTimestamp:2026-07-16 18:36:57.705097813 +0000 UTC m=+0.114192156,Count:1,Type:Normal,EventTime:0001-01-01 00:00:00 +0000 UTC,Series:nil,Action:,Related:nil,ReportingController:kubelet,ReportingInstance:gcp-cluster-control-plane,}"
Jul 16 18:36:57 gcp-cluster-control-plane kubelet[1464]: I0716 18:36:57.706269    1464 ratelimit.go:56] "Setting rate limiting for endpoint" service="podresources" qps=100 burstTokens=10
Jul 16 18:36:57 gcp-cluster-control-plane kubelet[1464]: I0716 18:36:57.706355    1464 server_v1.go:49] "podresources" method="list" useActivePods=true
Jul 16 18:36:57 gcp-cluster-control-plane kubelet[1464]: I0716 18:36:57.706738    1464 server.go:264] "Starting to serve the podresources API" endpoint="unix:/var/lib/kubelet/pod-resources/kubelet.sock"
Jul 16 18:36:57 gcp-cluster-control-plane kubelet[1464]: I0716 18:36:57.707555    1464 server.go:193] "Starting to listen" address="0.0.0.0" port=10250
Jul 16 18:36:57 gcp-cluster-control-plane kubelet[1464]: I0716 18:36:57.709221    1464 server.go:354] "Adding debug handlers to kubelet server"
Jul 16 18:36:57 gcp-cluster-control-plane kubelet[1464]: I0716 18:36:57.709560    1464 fs_resource_analyzer.go:69] "Starting FS ResourceAnalyzer"
Jul 16 18:36:57 gcp-cluster-control-plane kubelet[1464]: I0716 18:36:57.709595    1464 dynamic_serving_content.go:135] "Starting controller" name="kubelet-server-cert-files::/var/lib/kubelet/pki/kubelet.crt::/var/lib/kubelet/pki/kubelet.key"
Jul 16 18:36:57 gcp-cluster-control-plane kubelet[1464]: E0716 18:36:57.709685    1464 dynamic_serving_content.go:144] "Failed to watch cert and key file, will retry later" err="error creating fsnotify watcher: too many open files"
Jul 16 18:36:57 gcp-cluster-control-plane kubelet[1464]: I0716 18:36:57.711384    1464 volume_manager.go:310] "Starting Kubelet Volume Manager"
Jul 16 18:36:57 gcp-cluster-control-plane kubelet[1464]: I0716 18:36:57.711558    1464 tlsconfig.go:243] "Starting DynamicServingCertificateController"
Jul 16 18:36:57 gcp-cluster-control-plane kubelet[1464]: I0716 18:36:57.711830    1464 desired_state_of_world_populator.go:146] "Desired state populator starts to run"
Jul 16 18:36:57 gcp-cluster-control-plane kubelet[1464]: I0716 18:36:57.711948    1464 reconciler.go:29] "Reconciler: start to sync state"
Jul 16 18:36:57 gcp-cluster-control-plane kubelet[1464]: E0716 18:36:57.712071    1464 kubelet_node_status.go:396] "Error getting the current node from lister" err="node \"gcp-cluster-control-plane\" not found"
Jul 16 18:36:57 gcp-cluster-control-plane kubelet[1464]: E0716 18:36:57.712259    1464 kubelet.go:3516] "Unable to register mirror pod because node is not registered yet" err="node \"gcp-cluster-control-plane\" not found" node="gcp-cluster-control-plane"
Jul 16 18:36:57 gcp-cluster-control-plane kubelet[1464]: E0716 18:36:57.712271    1464 controller.go:201] "Failed to ensure lease exists, will retry" err="Get \"https://172.18.0.6:6443/apis/coordination.k8s.io/v1/namespaces/kube-node-lease/leases/gcp-cluster-control-plane?timeout=10s\": dial tcp 172.18.0.6:6443: connect: connection refused" interval="200ms"
Jul 16 18:36:57 gcp-cluster-control-plane kubelet[1464]: I0716 18:36:57.715644    1464 factory.go:222] Registration of the systemd container factory successfully
Jul 16 18:36:57 gcp-cluster-control-plane kubelet[1464]: I0716 18:36:57.715801    1464 factory.go:220] Registration of the crio container factory failed: Get "http://%2Fvar%2Frun%2Fcrio%2Fcrio.sock/info": dial unix /var/run/crio/crio.sock: connect: no such file or directory
Jul 16 18:36:57 gcp-cluster-control-plane kubelet[1464]: I0716 18:36:57.719263    1464 factory.go:222] Registration of the containerd container factory successfully
Jul 16 18:36:57 gcp-cluster-control-plane kubelet[1464]: E0716 18:36:57.719323    1464 manager.go:326] Registration of the raw container factory failed: inotify_init: too many open files
Jul 16 18:36:57 gcp-cluster-control-plane kubelet[1464]: E0716 18:36:57.719348    1464 kubelet.go:1804] "Failed to start cAdvisor" err="inotify_init: too many open files"
Jul 16 18:36:57 gcp-cluster-control-plane systemd[1]: kubelet.service: Main process exited, code=exited, status=1/FAILURE
Jul 16 18:36:57 gcp-cluster-control-plane systemd[1]: kubelet.service: Failed with result 'exit-code'.
Jul 16 18:36:58 gcp-cluster-control-plane systemd[1]: kubelet.service: Scheduled restart job, restart counter is at 46.
Jul 16 18:36:58 gcp-cluster-control-plane systemd[1]: Starting kubelet.service - kubelet: The Kubernetes Node Agent...
Jul 16 18:36:59 gcp-cluster-control-plane systemd[1]: Started kubelet.service - kubelet: The Kubernetes Node Agent.
Jul 16 18:36:59 gcp-cluster-control-plane kubelet[1491]: I0716 18:36:59.206880    1491 server.go:545] "Kubelet version" kubeletVersion="v1.36.1"
Jul 16 18:36:59 gcp-cluster-control-plane kubelet[1491]: I0716 18:36:59.207017    1491 server.go:547] "Golang settings" GOGC="" GOMAXPROCS="" GOTRACEBACK=""
Jul 16 18:36:59 gcp-cluster-control-plane kubelet[1491]: I0716 18:36:59.207044    1491 watchdog_linux.go:94] "Systemd watchdog is not enabled"
Jul 16 18:36:59 gcp-cluster-control-plane kubelet[1491]: I0716 18:36:59.207052    1491 watchdog_linux.go:137] "Systemd watchdog is not enabled or the interval is invalid, so health checking will not be started."
Jul 16 18:36:59 gcp-cluster-control-plane kubelet[1491]: I0716 18:36:59.207724    1491 server.go:985] "Client rotation is on, will bootstrap in background"
Jul 16 18:36:59 gcp-cluster-control-plane kubelet[1491]: I0716 18:36:59.210088    1491 certificate_store.go:147] "Loading cert/key pair from a file" filePath="/var/lib/kubelet/pki/kubelet-client-current.pem"
Jul 16 18:36:59 gcp-cluster-control-plane kubelet[1491]: I0716 18:36:59.213221    1491 dynamic_cafile_content.go:161] "Starting controller" name="client-ca-bundle::/etc/kubernetes/pki/ca.crt"
Jul 16 18:36:59 gcp-cluster-control-plane kubelet[1491]: I0716 18:36:59.219512    1491 server.go:1448] "Using cgroup driver setting received from the CRI runtime" cgroupDriver="systemd"
Jul 16 18:36:59 gcp-cluster-control-plane kubelet[1491]: I0716 18:36:59.226759    1491 server.go:869] "NoSwap is set due to memorySwapBehavior not specified" memorySwapBehavior="" FailSwapOn=false
Jul 16 18:36:59 gcp-cluster-control-plane kubelet[1491]: I0716 18:36:59.227212    1491 container_manager_linux.go:273] "Container manager verified user specified cgroup-root exists" cgroupRoot=["kubelet"]
Jul 16 18:36:59 gcp-cluster-control-plane kubelet[1491]: I0716 18:36:59.227261    1491 container_manager_linux.go:278] "Creating Container Manager object based on Node Config" nodeConfig={"NodeName":"gcp-cluster-control-plane","RuntimeCgroupsName":"/system.slice/containerd.service","SystemCgroupsName":"","KubeletCgroupsName":"","KubeletOOMScoreAdj":-999,"ContainerRuntime":"","CgroupsPerQOS":true,"CgroupRoot":"/kubelet","CgroupDriver":"systemd","KubeletRootDir":"/var/lib/kubelet","ProtectKernelDefaults":false,"KubeReservedCgroupName":"","SystemReservedCgroupName":"","ReservedSystemCPUs":{},"EnforceNodeAllocatable":{"pods":{}},"KubeReserved":null,"SystemReserved":null,"HardEvictionThresholds":[],"QOSReserved":{},"CPUManagerPolicy":"none","CPUManagerPolicyOptions":null,"TopologyManagerScope":"container","CPUManagerReconcilePeriod":10000000000,"MemoryManagerPolicy":"None","MemoryManagerReservedMemory":null,"MemoryReservationPolicy":"None","PodPidsLimit":-1,"EnforceCPULimits":true,"CPUCFSQuotaPeriod":100000000,"TopologyManagerPolicy":"none","TopologyManagerPolicyOptions":null,"CgroupVersion":2}
Jul 16 18:36:59 gcp-cluster-control-plane kubelet[1491]: I0716 18:36:59.227519    1491 topology_manager.go:172] "Creating topology manager with none policy"
Jul 16 18:36:59 gcp-cluster-control-plane kubelet[1491]: I0716 18:36:59.227534    1491 container_manager_linux.go:309] "Creating device plugin manager"
Jul 16 18:36:59 gcp-cluster-control-plane kubelet[1491]: I0716 18:36:59.227586    1491 container_manager_linux.go:318] "Creating Dynamic Resource Allocation (DRA) manager"
Jul 16 18:36:59 gcp-cluster-control-plane kubelet[1491]: I0716 18:36:59.227894    1491 state_mem.go:45] "Initialized" logger="CPUManager state memory"
Jul 16 18:36:59 gcp-cluster-control-plane kubelet[1491]: I0716 18:36:59.228192    1491 kubelet.go:485] "Attempting to sync node with API server"
Jul 16 18:36:59 gcp-cluster-control-plane kubelet[1491]: I0716 18:36:59.228233    1491 kubelet.go:386] "Adding static pod path" path="/etc/kubernetes/manifests"
Jul 16 18:36:59 gcp-cluster-control-plane kubelet[1491]: I0716 18:36:59.228284    1491 kubelet.go:397] "Adding apiserver pod source"
Jul 16 18:36:59 gcp-cluster-control-plane kubelet[1491]: I0716 18:36:59.228299    1491 apiserver.go:41] "Waiting for node sync before watching apiserver pods"
Jul 16 18:36:59 gcp-cluster-control-plane kubelet[1491]: I0716 18:36:59.229324    1491 kuberuntime_manager.go:308] "Container runtime initialized" containerRuntime="containerd" version="v2.3.1" apiVersion="v1"
Jul 16 18:36:59 gcp-cluster-control-plane kubelet[1491]: I0716 18:36:59.232280    1491 kubelet.go:1002] "Not starting ClusterTrustBundle informer because we are in static kubelet mode or the ClusterTrustBundleProjection featuregate is disabled"
Jul 16 18:36:59 gcp-cluster-control-plane kubelet[1491]: I0716 18:36:59.232358    1491 kubelet.go:1029] "Not starting PodCertificateRequest manager because we are in static kubelet mode or the PodCertificateProjection feature gate is disabled"
Jul 16 18:36:59 gcp-cluster-control-plane kubelet[1491]: E0716 18:36:59.232485    1491 plugins.go:577] "Error initializing dynamic plugin prober" err="error initializing watcher: too many open files"
Jul 16 18:36:59 gcp-cluster-control-plane kubelet[1491]: I0716 18:36:59.237457    1491 server.go:1285] "Started kubelet"
Jul 16 18:36:59 gcp-cluster-control-plane kubelet[1491]: I0716 18:36:59.237561    1491 server.go:193] "Starting to listen" address="0.0.0.0" port=10250
Jul 16 18:36:59 gcp-cluster-control-plane kubelet[1491]: I0716 18:36:59.237961    1491 ratelimit.go:56] "Setting rate limiting for endpoint" service="podresources" qps=100 burstTokens=10
Jul 16 18:36:59 gcp-cluster-control-plane kubelet[1491]: I0716 18:36:59.238081    1491 server_v1.go:49] "podresources" method="list" useActivePods=true
Jul 16 18:36:59 gcp-cluster-control-plane kubelet[1491]: I0716 18:36:59.238403    1491 server.go:264] "Starting to serve the podresources API" endpoint="unix:/var/lib/kubelet/pod-resources/kubelet.sock"
Jul 16 18:36:59 gcp-cluster-control-plane kubelet[1491]: I0716 18:36:59.238927    1491 fs_resource_analyzer.go:69] "Starting FS ResourceAnalyzer"
Jul 16 18:36:59 gcp-cluster-control-plane kubelet[1491]: E0716 18:36:59.239128    1491 event.go:368] "Unable to write event (may retry after sleeping)" err="Post \"https://172.18.0.6:6443/api/v1/namespaces/default/events\": dial tcp 172.18.0.6:6443: connect: connection refused" event="&Event{ObjectMeta:{gcp-cluster-control-plane.18c2d9055047b7f3  default    0 0001-01-01 00:00:00 +0000 UTC <nil> <nil> map[] map[] [] [] []},InvolvedObject:ObjectReference{Kind:Node,Namespace:,Name:gcp-cluster-control-plane,UID:,APIVersion:v1,ResourceVersion:,FieldPath:,},Reason:Starting,Message:Starting kubelet.,Source:EventSource{Component:kubelet,Host:gcp-cluster-control-plane,},FirstTimestamp:2026-07-16 18:36:59.237079027 +0000 UTC m=+0.130974268,LastTimestamp:2026-07-16 18:36:59.237079027 +0000 UTC m=+0.130974268,Count:1,Type:Normal,EventTime:0001-01-01 00:00:00 +0000 UTC,Series:nil,Action:,Related:nil,ReportingController:kubelet,ReportingInstance:gcp-cluster-control-plane,}"
Jul 16 18:36:59 gcp-cluster-control-plane kubelet[1491]: I0716 18:36:59.239794    1491 dynamic_serving_content.go:135] "Starting controller" name="kubelet-server-cert-files::/var/lib/kubelet/pki/kubelet.crt::/var/lib/kubelet/pki/kubelet.key"
Jul 16 18:36:59 gcp-cluster-control-plane kubelet[1491]: E0716 18:36:59.239861    1491 dynamic_serving_content.go:144] "Failed to watch cert and key file, will retry later" err="error creating fsnotify watcher: too many open files"
Jul 16 18:36:59 gcp-cluster-control-plane kubelet[1491]: I0716 18:36:59.239895    1491 tlsconfig.go:243] "Starting DynamicServingCertificateController"
Jul 16 18:36:59 gcp-cluster-control-plane kubelet[1491]: I0716 18:36:59.243017    1491 server.go:354] "Adding debug handlers to kubelet server"
Jul 16 18:36:59 gcp-cluster-control-plane kubelet[1491]: I0716 18:36:59.244493    1491 volume_manager.go:310] "Starting Kubelet Volume Manager"
Jul 16 18:36:59 gcp-cluster-control-plane kubelet[1491]: I0716 18:36:59.244674    1491 desired_state_of_world_populator.go:146] "Desired state populator starts to run"
Jul 16 18:36:59 gcp-cluster-control-plane kubelet[1491]: I0716 18:36:59.244777    1491 reconciler.go:29] "Reconciler: start to sync state"
Jul 16 18:36:59 gcp-cluster-control-plane kubelet[1491]: E0716 18:36:59.246109    1491 kubelet_node_status.go:396] "Error getting the current node from lister" err="node \"gcp-cluster-control-plane\" not found"
Jul 16 18:36:59 gcp-cluster-control-plane kubelet[1491]: E0716 18:36:59.246600    1491 controller.go:201] "Failed to ensure lease exists, will retry" err="Get \"https://172.18.0.6:6443/apis/coordination.k8s.io/v1/namespaces/kube-node-lease/leases/gcp-cluster-control-plane?timeout=10s\": dial tcp 172.18.0.6:6443: connect: connection refused" interval="200ms"
Jul 16 18:36:59 gcp-cluster-control-plane kubelet[1491]: E0716 18:36:59.246679    1491 kubelet.go:3516] "Unable to register mirror pod because node is not registered yet" err="node \"gcp-cluster-control-plane\" not found" node="gcp-cluster-control-plane"
Jul 16 18:36:59 gcp-cluster-control-plane kubelet[1491]: I0716 18:36:59.247200    1491 factory.go:222] Registration of the systemd container factory successfully
Jul 16 18:36:59 gcp-cluster-control-plane kubelet[1491]: I0716 18:36:59.247349    1491 factory.go:220] Registration of the crio container factory failed: Get "http://%2Fvar%2Frun%2Fcrio%2Fcrio.sock/info": dial unix /var/run/crio/crio.sock: connect: no such file or directory
Jul 16 18:36:59 gcp-cluster-control-plane kubelet[1491]: I0716 18:36:59.249434    1491 factory.go:222] Registration of the containerd container factory successfully
Jul 16 18:36:59 gcp-cluster-control-plane kubelet[1491]: E0716 18:36:59.249487    1491 manager.go:326] Registration of the raw container factory failed: inotify_init: too many open files
Jul 16 18:36:59 gcp-cluster-control-plane kubelet[1491]: E0716 18:36:59.249512    1491 kubelet.go:1804] "Failed to start cAdvisor" err="inotify_init: too many open files"
Jul 16 18:36:59 gcp-cluster-control-plane systemd[1]: kubelet.service: Main process exited, code=exited, status=1/FAILURE
Jul 16 18:36:59 gcp-cluster-control-plane systemd[1]: kubelet.service: Failed with result 'exit-code'.
