Creating cluster "gcp-cluster" ...
 • Ensuring node image (kindest/node:v1.36.1) 🖼  ...
 ✓ Ensuring node image (kindest/node:v1.36.1) 🖼
 • Preparing nodes 📦 📦 📦   ...
 ✓ Preparing nodes 📦 📦 📦 
 • Writing configuration 📜  ...
 ✓ Writing configuration 📜
 • Starting control-plane 🕹️  ...
 ✓ Starting control-plane 🕹️
 • Installing CNI 🔌  ...
 ✓ Installing CNI 🔌
 • Installing StorageClass 💾  ...
 ✓ Installing StorageClass 💾
 • Joining worker nodes 🚜  ...
 ✓ Joining worker nodes 🚜
 • Waiting ≤ 5m0s for control-plane = Ready ⏳  ...
 ✓ Waiting ≤ 5m0s for control-plane = Ready ⏳
 • Ready after 11s 💚
Set kubectl context to "kind-gcp-cluster"
You can now use your cluster with:

kubectl cluster-info --context kind-gcp-cluster

Not sure what to do next? 😅  Check out https://kind.sigs.k8s.io/docs/user/quick-start/
